0 info it worked if it ends with ok
1 verbose cli [ 'C:\\Program Files\\nodejs\\node.exe',
1 verbose cli   'C:\\Program Files\\nodejs\\node_modules\\npm\\bin\\npm-cli.js',
1 verbose cli   'run',
1 verbose cli   'test:watch' ]
2 info using npm@3.10.10
3 info using node@v6.11.0
4 verbose run-script [ 'pretest:watch', 'test:watch', 'posttest:watch' ]
5 info lifecycle javascript-development-environment@1.0.0~pretest:watch: javascript-development-environment@1.0.0
6 silly lifecycle javascript-development-environment@1.0.0~pretest:watch: no script for pretest:watch, continuing
7 info lifecycle javascript-development-environment@1.0.0~test:watch: javascript-development-environment@1.0.0
8 verbose lifecycle javascript-development-environment@1.0.0~test:watch: unsafe-perm in lifecycle true
9 verbose lifecycle javascript-development-environment@1.0.0~test:watch: PATH: C:\Users\dennis\AppData\Roaming\nvm\v6.11.0\node_modules\npm\bin\node-gyp-bin;C:\projects\GiphyAPI\node_modules\.bin;C:\Users\dennis\AppData\Roaming\nvm\v6.11.0\node_modules\npm\bin\node-gyp-bin;C:\projects\GiphyAPI\node_modules\.bin;C:\Users\dennis\bin;C:\Program Files\Git\mingw64\bin;C:\Program Files\Git\usr\local\bin;C:\Program Files\Git\usr\bin;C:\Program Files\Git\usr\bin;C:\Program Files\Git\mingw64\bin;C:\Program Files\Git\usr\bin;C:\Users\dennis\bin;C:\ProgramData\Oracle\Java\javapath;C:\Program Files (x86)\Intel\iCLS Client;C:\Program Files\Intel\iCLS Client;C:\WINDOWS\system32;C:\WINDOWS;C:\WINDOWS\System32\Wbem;C:\WINDOWS\System32\WindowsPowerShell\v1.0;C:\Program Files (x86)\PuTTY;C:\Program Files (x86)\Intel\Intel(R) Management Engine Components\DAL;C:\Program Files\Intel\Intel(R) Management Engine Components\DAL;C:\Program Files (x86)\Intel\Intel(R) Management Engine Components\IPT;C:\Program Files\Intel\Intel(R) Management Engine Components\IPT;C:\Program Files\Common Files\Autodesk Shared;C:\Program Files (x86)\Autodesk\Backburner;C:\Program Files (x86)\NVIDIA Corporation\PhysX\Common;%SystemRoot%\system32;%SystemRoot%;%SystemRoot%\System32\Wbem;%SYSTEMROOT%\System32\WindowsPowerShell\v1.0;C:\Program Files\Git\cmd;%NVM_HOME%;%NVM_SYMLINK%;C:\Android;C:\Windows\System32;C:\Users\dennis\AppData\Local\Microsoft\WindowsApps;C:\Program Files (x86)\Nmap;C:\Program Files (x86)\Microsoft VS Code\bin;C:\Users\dennis\AppData\Roaming\nvm;C:\Program Files\nodejs;C:\Program Files\Git\usr\bin\vendor_perl;C:\Program Files\Git\usr\bin\core_perl
10 verbose lifecycle javascript-development-environment@1.0.0~test:watch: CWD: C:\projects\GiphyAPI
11 silly lifecycle javascript-development-environment@1.0.0~test:watch: Args: [ '/d /s /c', 'npm run test -- --watch' ]
12 silly lifecycle javascript-development-environment@1.0.0~test:watch: Returned: code: 1  signal: null
13 info lifecycle javascript-development-environment@1.0.0~test:watch: Failed to exec test:watch script
14 verbose stack Error: javascript-development-environment@1.0.0 test:watch: `npm run test -- --watch`
14 verbose stack Exit status 1
14 verbose stack     at EventEmitter.<anonymous> (C:\Users\dennis\AppData\Roaming\nvm\v6.11.0\node_modules\npm\lib\utils\lifecycle.js:255:16)
14 verbose stack     at emitTwo (events.js:106:13)
14 verbose stack     at EventEmitter.emit (events.js:191:7)
14 verbose stack     at ChildProcess.<anonymous> (C:\Users\dennis\AppData\Roaming\nvm\v6.11.0\node_modules\npm\lib\utils\spawn.js:40:14)
14 verbose stack     at emitTwo (events.js:106:13)
14 verbose stack     at ChildProcess.emit (events.js:191:7)
14 verbose stack     at maybeClose (internal/child_process.js:891:16)
14 verbose stack     at Process.ChildProcess._handle.onexit (internal/child_process.js:226:5)
15 verbose pkgid javascript-development-environment@1.0.0
16 verbose cwd C:\projects\GiphyAPI
17 error Windows_NT 10.0.16299
18 error argv "C:\\Program Files\\nodejs\\node.exe" "C:\\Program Files\\nodejs\\node_modules\\npm\\bin\\npm-cli.js" "run" "test:watch"
19 error node v6.11.0
20 error npm  v3.10.10
21 error code ELIFECYCLE
22 error javascript-development-environment@1.0.0 test:watch: `npm run test -- --watch`
22 error Exit status 1
23 error Failed at the javascript-development-environment@1.0.0 test:watch script 'npm run test -- --watch'.
23 error Make sure you have the latest version of node.js and npm installed.
23 error If you do, this is most likely a problem with the javascript-development-environment package,
23 error not with npm itself.
23 error Tell the author that this fails on your system:
23 error     npm run test -- --watch
23 error You can get information on how to open an issue for this project with:
23 error     npm bugs javascript-development-environment
23 error Or if that isn't available, you can get their info via:
23 error     npm owner ls javascript-development-environment
23 error There is likely additional logging output above.
24 verbose exit [ 1, true ]
